<?xml version="1.0" encoding="UTF-8"?>
<testsuite xmlns:xsi="http://www.w3.org/2001/XMLSchema-instance" xsi:noNamespaceSchemaLocation="https://maven.apache.org/surefire/maven-surefire-plugin/xsd/surefire-test-report-3.0.xsd" version="3.0" name="fr.esisar.cookbot.CookStateTest" time="0.403" tests="4" errors="0" skipped="0" failures="0">
  <properties>
    <property name="sonar.projectName" value="&apos;CookBot&apos;"/>
    <property name="java.specification.version" value="21"/>
    <property name="sun.cpu.isalist" value="amd64"/>
    <property name="sonar.host.url" value="http://localhost:9000"/>
    <property name="sun.jnu.encoding" value="Cp1252"/>
    <property name="java.class.path" value="C:\Users\barke\eclipse-workspace\cookbot-v1\target\test-classes;C:\Users\barke\eclipse-workspace\cookbot-v1\target\classes;C:\Users\barke\.m2\repository\org\apache\logging\log4j\log4j-core\2.24.3\log4j-core-2.24.3.jar;C:\Users\barke\.m2\repository\org\apache\logging\log4j\log4j-api\2.24.3\log4j-api-2.24.3.jar;C:\Users\barke\.m2\repository\org\junit\jupiter\junit-jupiter-api\5.12.2\junit-jupiter-api-5.12.2.jar;C:\Users\barke\.m2\repository\org\opentest4j\opentest4j\1.3.0\opentest4j-1.3.0.jar;C:\Users\barke\.m2\repository\org\junit\platform\junit-platform-commons\1.12.2\junit-platform-commons-1.12.2.jar;C:\Users\barke\.m2\repository\org\apiguardian\apiguardian-api\1.1.2\apiguardian-api-1.1.2.jar;C:\Users\barke\.m2\repository\org\junit\jupiter\junit-jupiter-engine\5.12.2\junit-jupiter-engine-5.12.2.jar;C:\Users\barke\.m2\repository\org\junit\platform\junit-platform-engine\1.12.2\junit-platform-engine-1.12.2.jar;C:\Users\barke\.m2\repository\org\junit\platform\junit-platform-launcher\1.12.2\junit-platform-launcher-1.12.2.jar;"/>
    <property name="java.vm.vendor" value="OpenLogic"/>
    <property name="sun.arch.data.model" value="64"/>
    <property name="user.variant" value=""/>
    <property name="java.vendor.url" value="https://openlogic.com/"/>
    <property name="user.timezone" value="Europe/Paris"/>
    <property name="os.name" value="Windows 11"/>
    <property name="java.vm.specification.version" value="21"/>
    <property name="sun.java.launcher" value="SUN_STANDARD"/>
    <property name="user.country" value="FR"/>
    <property name="sun.boot.library.path" value="C:\Program Files\OpenLogic\jdk-21.0.5.11-hotspot\bin"/>
    <property name="sun.java.command" value="C:\Users\barke\AppData\Local\Temp\surefire8706257337124922201\surefirebooter-20251003210453189_3.jar C:\Users\barke\AppData\Local\Temp\surefire8706257337124922201 2025-10-03T21-04-53_034-jvmRun1 surefire-20251003210453189_1tmp surefire_0-20251003210453189_2tmp"/>
    <property name="jdk.debug" value="release"/>
    <property name="surefire.test.class.path" value="C:\Users\barke\eclipse-workspace\cookbot-v1\target\test-classes;C:\Users\barke\eclipse-workspace\cookbot-v1\target\classes;C:\Users\barke\.m2\repository\org\apache\logging\log4j\log4j-core\2.24.3\log4j-core-2.24.3.jar;C:\Users\barke\.m2\repository\org\apache\logging\log4j\log4j-api\2.24.3\log4j-api-2.24.3.jar;C:\Users\barke\.m2\repository\org\junit\jupiter\junit-jupiter-api\5.12.2\junit-jupiter-api-5.12.2.jar;C:\Users\barke\.m2\repository\org\opentest4j\opentest4j\1.3.0\opentest4j-1.3.0.jar;C:\Users\barke\.m2\repository\org\junit\platform\junit-platform-commons\1.12.2\junit-platform-commons-1.12.2.jar;C:\Users\barke\.m2\repository\org\apiguardian\apiguardian-api\1.1.2\apiguardian-api-1.1.2.jar;C:\Users\barke\.m2\repository\org\junit\jupiter\junit-jupiter-engine\5.12.2\junit-jupiter-engine-5.12.2.jar;C:\Users\barke\.m2\repository\org\junit\platform\junit-platform-engine\1.12.2\junit-platform-engine-1.12.2.jar;C:\Users\barke\.m2\repository\org\junit\platform\junit-platform-launcher\1.12.2\junit-platform-launcher-1.12.2.jar;"/>
    <property name="sun.cpu.endian" value="little"/>
    <property name="user.home" value="C:\Users\barke"/>
    <property name="user.language" value="fr"/>
    <property name="java.specification.vendor" value="Oracle Corporation"/>
    <property name="java.version.date" value="2024-10-15"/>
    <property name="java.home" value="C:\Program Files\OpenLogic\jdk-21.0.5.11-hotspot"/>
    <property name="file.separator" value="\"/>
    <property name="basedir" value="C:\Users\barke\eclipse-workspace\cookbot-v1"/>
    <property name="java.vm.compressedOopsMode" value="Zero based"/>
    <property name="line.separator" value="&#10;"/>
    <property name="java.vm.specification.vendor" value="Oracle Corporation"/>
    <property name="java.specification.name" value="Java Platform API Specification"/>
    <property name="surefire.real.class.path" value="C:\Users\barke\AppData\Local\Temp\surefire8706257337124922201\surefirebooter-20251003210453189_3.jar"/>
    <property name="user.script" value=""/>
    <property name="sun.management.compiler" value="HotSpot 64-Bit Tiered Compilers"/>
    <property name="java.runtime.version" value="21.0.5+11-adhoc.Administrator.jdk21u"/>
    <property name="user.name" value="barkev"/>
    <property name="stdout.encoding" value="Cp1252"/>
    <property name="path.separator" value=";"/>
    <property name="os.version" value="10.0"/>
    <property name="java.runtime.name" value="OpenJDK Runtime Environment"/>
    <property name="file.encoding" value="UTF-8"/>
    <property name="java.vm.name" value="OpenJDK 64-Bit Server VM"/>
    <property name="java.vendor.version" value="OpenLogic-OpenJDK"/>
    <property name="localRepository" value="C:\Users\barke\.m2\repository"/>
    <property name="java.vendor.url.bug" value="https://techsupport.roguewave.com/"/>
    <property name="java.io.tmpdir" value="C:\Users\barke\AppData\Local\Temp\"/>
    <property name="sonar.token" value="sqp_6a742a0ebb13d8a411d4c965a3f4e6cdcbe75c82"/>
    <property name="java.version" value="21.0.5"/>
    <property name="user.dir" value="C:\Users\barke\eclipse-workspace\cookbot-v1"/>
    <property name="os.arch" value="amd64"/>
    <property name="java.vm.specification.name" value="Java Virtual Machine Specification"/>
    <property name="sun.os.patch.level" value=""/>
    <property name="native.encoding" value="Cp1252"/>
    <property name="sonar.projectKey" value="CookBot"/>
    <property name="java.library.path" value="C:\Program Files\OpenLogic\jdk-21.0.5.11-hotspot\bin;C:\WINDOWS\Sun\Java\bin;C:\WINDOWS\system32;C:\WINDOWS;C:\Program Files\OpenLogic\jdk-21.0.5.11-hotspot\bin;C:\WINDOWS\system32;C:\WINDOWS;C:\WINDOWS\System32\Wbem;C:\WINDOWS\System32\WindowsPowerShell\v1.0\;C:\WINDOWS\System32\OpenSSH\;C:\Program Files (x86)\NVIDIA Corporation\PhysX\Common;C:\Program Files\NVIDIA Corporation\NVIDIA NvDLISR;C:\WINDOWS\system32;C:\WINDOWS;C:\WINDOWS\System32\Wbem;C:\WINDOWS\System32\WindowsPowerShell\v1.0\;C:\WINDOWS\System32\OpenSSH\;C:\ProgramData\chocolatey\bin;C:\Program Files\dotnet\;C:\Program Files\nodejs\;C:\Program Files\Git\cmd;C:\Program Files\OpenLogic\jdk-21.0.5.11-hotspot\\bin;C:\apache-maven-3.9.8\bin;C:\SQLite3;;C:\Program Files\Docker\Docker\resources\bin;C:\Program Files\Kubernetes\Minikube;C:\Program Files\Arduino CLI\;C:\Users\barke\.jbang\bin;C:\Users\barke\.cargo\bin;C:\Users\barke\AppData\Local\Programs\Python\Python311\Scripts\;C:\Users\barke\AppData\Local\Programs\Python\Python311\;C:\Users\barke\AppData\Local\Programs\Python\Launcher\;C:\Users\barke\AppData\Local\Microsoft\WindowsApps;C:\tools\ghc-9.0.1\bin;C:\tools\msys64;C:\Users\barke\AppData\Local\Programs\Microsoft VS Code\bin;C:\Users\barke\.dotnet\tools;C:\Users\barke\AppData\Roaming\npm;C:\Users\barke\AppData\Local\Programs\Ollama;C:\php;C:\Users\barke\AppData\Local\Microsoft\WindowsApps;C:\Users\barke\.bun\bin;;C:\Program Files\JetBrains\IntelliJ IDEA 2025.1.1.1\bin;;."/>
    <property name="java.vm.info" value="mixed mode, sharing"/>
    <property name="stderr.encoding" value="Cp1252"/>
    <property name="java.vendor" value="OpenLogic"/>
    <property name="java.vm.version" value="21.0.5+11-adhoc.Administrator.jdk21u"/>
    <property name="sun.io.unicode.encoding" value="UnicodeLittle"/>
    <property name="java.class.version" value="65.0"/>
  </properties>
  <testcase name="slowCook" classname="fr.esisar.cookbot.CookStateTest" time="0.355">
    <system-out><![CDATA[21:04:54.142 [main] INFO  fr.esisar.cookbot.CookBot - Cookbot is cooking...
21:04:54.150 [main] INFO  fr.esisar.cookbot.CookBot - Cookbot is cooking at a lower temperature...
]]></system-out>
  </testcase>
  <testcase name="regularCook" classname="fr.esisar.cookbot.CookStateTest" time="0.002">
    <system-out><![CDATA[21:04:54.163 [main] INFO  fr.esisar.cookbot.CookBot - Cookbot is cooking...
21:04:54.163 [main] WARN  fr.esisar.cookbot.CookBot - Cookbot is already cooking...
]]></system-out>
  </testcase>
  <testcase name="switchOn" classname="fr.esisar.cookbot.CookStateTest" time="0.003">
    <system-out><![CDATA[21:04:54.169 [main] INFO  fr.esisar.cookbot.CookBot - Cookbot is cooking...
21:04:54.169 [main] INFO  fr.esisar.cookbot.CookBot - Cookbot is switched on
]]></system-out>
  </testcase>
  <testcase name="switchOff" classname="fr.esisar.cookbot.CookStateTest" time="0.004">
    <system-out><![CDATA[21:04:54.176 [main] INFO  fr.esisar.cookbot.CookBot - Cookbot is cooking...
21:04:54.176 [main] WARN  fr.esisar.cookbot.CookBot - Cookbot cannot be switched off while cooking
]]></system-out>
  </testcase>
</testsuite>